2026-06-18 22:03:17.170 [main] INFO  c.f.FamilyBudgetApplication - Starting FamilyBudgetApplication using Java 17.0.19 with PID 23948 (C:\Users\ada\awbd\family-budget-app\target\classes started by ada in C:\Users\ada\awbd\family-budget-app)
2026-06-18 22:03:17.174 [main] DEBUG c.f.FamilyBudgetApplication - Running with Spring Boot v3.3.4, Spring v6.1.13
2026-06-18 22:03:17.178 [main] INFO  c.f.FamilyBudgetApplication - The following 1 profile is active: "dev"
2026-06-18 22:03:36.343 [main] INFO  c.f.FamilyBudgetApplication - Started FamilyBudgetApplication in 19.893 seconds (process running for 20.35)
2026-06-18 22:15:00.917 [main] INFO  c.f.FamilyBudgetApplication - Starting FamilyBudgetApplication using Java 17.0.19 with PID 13200 (C:\Users\ada\awbd\family-budget-app\target\classes started by ada in C:\Users\ada\awbd\family-budget-app)
2026-06-18 22:15:00.919 [main] DEBUG c.f.FamilyBudgetApplication - Running with Spring Boot v3.3.4, Spring v6.1.13
2026-06-18 22:15:00.920 [main] INFO  c.f.FamilyBudgetApplication - The following 1 profile is active: "dev"
2026-06-18 22:15:10.241 [main] INFO  c.f.FamilyBudgetApplication - Started FamilyBudgetApplication in 9.917 seconds (process running for 10.265)
2026-06-18 22:23:32.233 [main] INFO  c.f.FamilyBudgetApplication - Starting FamilyBudgetApplication using Java 17.0.19 with PID 18092 (C:\Users\ada\awbd\family-budget-app\target\classes started by ada in C:\Users\ada\awbd\family-budget-app)
2026-06-18 22:23:32.236 [main] DEBUG c.f.FamilyBudgetApplication - Running with Spring Boot v3.3.4, Spring v6.1.13
2026-06-18 22:23:32.239 [main] INFO  c.f.FamilyBudgetApplication - The following 1 profile is active: "dev"
2026-06-18 22:23:40.371 [main] INFO  c.f.FamilyBudgetApplication - Started FamilyBudgetApplication in 8.812 seconds (process running for 9.268)
2026-06-18 22:27:57.002 [main] INFO  c.f.i.FamilyBudgetIntegrationTest - Starting FamilyBudgetIntegrationTest using Java 17.0.19 with PID 33308 (started by ada in C:\Users\ada\awbd\family-budget-app)
2026-06-18 22:27:57.005 [main] INFO  c.f.i.FamilyBudgetIntegrationTest - The following 1 profile is active: "test"
2026-06-18 22:28:02.005 [main] INFO  c.f.service.impl.BudgetServiceImpl - Buget sters: id=1
2026-06-18 22:28:02.035 [main] INFO  c.f.service.impl.BudgetServiceImpl - Buget creat: id=1, categorie=Mancare, limita=500.00
2026-06-18 22:28:02.223 [main] INFO  c.f.s.impl.TransactionServiceImpl - Tranzactie creata: id=10, suma=150.00, cont=1, categorie=Mancare
2026-06-18 22:28:02.257 [main] INFO  c.f.s.impl.TransactionServiceImpl - Tranzactie creata: id=11, suma=3000.00, cont=1, categorie=Salariu
2026-06-18 22:28:02.270 [main] INFO  c.f.s.impl.TransactionServiceImpl - Tranzactie stearsa: id=5
2026-06-18 22:28:02.292 [main] WARN  c.f.s.impl.TransactionServiceImpl - Utilizatorul testuser a incercat sa creeze o tranzactie pe contul altcuiva (2)
2026-06-18 22:28:25.084 [http-nio-8080-exec-5] INFO  c.f.service.impl.CategoryServiceImpl - Categorie actualizata: id=3
2026-06-18 22:28:35.945 [http-nio-8080-exec-7] INFO  c.f.service.impl.CategoryServiceImpl - Categorie stearsa: id=8
2026-06-18 22:29:34.113 [http-nio-8080-exec-6] INFO  c.f.service.impl.CategoryServiceImpl - Categorie creata: id=11, nume=city-breaks
2026-06-18 22:30:18.548 [http-nio-8080-exec-9] INFO  c.f.service.impl.BudgetServiceImpl - Buget creat: id=1, categorie=Mancare, limita=2000
2026-06-18 22:38:50.984 [main] INFO  c.f.FamilyBudgetApplication - Starting FamilyBudgetApplication using Java 17.0.19 with PID 1576 (C:\Users\ada\awbd\family-budget-app\target\classes started by ada in C:\Users\ada\awbd\family-budget-app)
2026-06-18 22:38:50.986 [main] DEBUG c.f.FamilyBudgetApplication - Running with Spring Boot v3.3.4, Spring v6.1.13
2026-06-18 22:38:50.989 [main] INFO  c.f.FamilyBudgetApplication - The following 1 profile is active: "dev"
2026-06-18 22:38:58.868 [main] INFO  c.f.FamilyBudgetApplication - Started FamilyBudgetApplication in 8.54 seconds (process running for 8.895)
2026-06-18 22:41:13.289 [main] INFO  c.f.FamilyBudgetApplication - Starting FamilyBudgetApplication using Java 17.0.19 with PID 22276 (C:\Users\ada\awbd\family-budget-app\target\classes started by ada in C:\Users\ada\awbd\family-budget-app)
2026-06-18 22:41:13.292 [main] DEBUG c.f.FamilyBudgetApplication - Running with Spring Boot v3.3.4, Spring v6.1.13
2026-06-18 22:41:13.294 [main] INFO  c.f.FamilyBudgetApplication - The following 1 profile is active: "dev"
2026-06-18 22:41:19.389 [main] INFO  c.f.FamilyBudgetApplication - Started FamilyBudgetApplication in 6.628 seconds (process running for 6.946)
2026-06-18 22:45:41.719 [main] INFO  c.f.FamilyBudgetApplication - Starting FamilyBudgetApplication using Java 17.0.19 with PID 32404 (C:\Users\ada\awbd\family-budget-app\target\classes started by ada in C:\Users\ada\awbd\family-budget-app)
2026-06-18 22:45:41.722 [main] DEBUG c.f.FamilyBudgetApplication - Running with Spring Boot v3.3.4, Spring v6.1.13
2026-06-18 22:45:41.724 [main] INFO  c.f.FamilyBudgetApplication - The following 1 profile is active: "dev"
2026-06-18 22:45:49.412 [main] INFO  c.f.FamilyBudgetApplication - Started FamilyBudgetApplication in 8.363 seconds (process running for 8.74)
2026-06-18 22:51:35.013 [main] INFO  c.f.FamilyBudgetApplication - Starting FamilyBudgetApplication using Java 17.0.19 with PID 19092 (C:\Users\ada\awbd\family-budget-app\target\classes started by ada in C:\Users\ada\awbd\family-budget-app)
2026-06-18 22:51:35.015 [main] DEBUG c.f.FamilyBudgetApplication - Running with Spring Boot v3.3.4, Spring v6.1.13
2026-06-18 22:51:35.019 [main] INFO  c.f.FamilyBudgetApplication - The following 1 profile is active: "dev"
2026-06-18 22:51:41.252 [main] INFO  c.f.FamilyBudgetApplication - Started FamilyBudgetApplication in 6.763 seconds (process running for 7.088)
2026-06-18 22:56:47.535 [main] INFO  c.f.FamilyBudgetApplication - Starting FamilyBudgetApplication using Java 17.0.19 with PID 34688 (C:\Users\ada\awbd\family-budget-app\target\classes started by ada in C:\Users\ada\awbd\family-budget-app)
2026-06-18 22:56:47.539 [main] DEBUG c.f.FamilyBudgetApplication - Running with Spring Boot v3.3.4, Spring v6.1.13
2026-06-18 22:56:47.542 [main] INFO  c.f.FamilyBudgetApplication - The following 1 profile is active: "dev"
2026-06-18 22:56:54.703 [main] INFO  c.f.FamilyBudgetApplication - Started FamilyBudgetApplication in 7.825 seconds (process running for 8.219)
2026-06-18 22:57:42.529 [http-nio-8080-exec-8] INFO  c.f.service.impl.BudgetServiceImpl - Buget creat: id=2, categorie=Sanatate, limita=900
2026-06-18 23:00:06.687 [main] INFO  c.f.i.FamilyBudgetIntegrationTest - Starting FamilyBudgetIntegrationTest using Java 17.0.19 with PID 24280 (started by ada in C:\Users\ada\awbd\family-budget-app)
2026-06-18 23:00:06.688 [main] INFO  c.f.i.FamilyBudgetIntegrationTest - The following 1 profile is active: "test"
2026-06-18 23:00:12.069 [main] INFO  c.f.service.impl.BudgetServiceImpl - Buget sters: id=1
2026-06-18 23:00:12.108 [main] INFO  c.f.service.impl.BudgetServiceImpl - Buget creat: id=1, categorie=Mancare, limita=500.00
2026-06-18 23:00:12.353 [main] INFO  c.f.s.impl.TransactionServiceImpl - Tranzactie creata: id=10, suma=150.00, cont=1, categorie=Mancare
2026-06-18 23:00:12.381 [main] INFO  c.f.s.impl.TransactionServiceImpl - Tranzactie creata: id=11, suma=3000.00, cont=1, categorie=Salariu
2026-06-18 23:00:12.390 [main] INFO  c.f.s.impl.TransactionServiceImpl - Tranzactie stearsa: id=5
2026-06-18 23:00:12.399 [main] WARN  c.f.s.impl.TransactionServiceImpl - Utilizatorul testuser a incercat sa creeze o tranzactie pe contul altcuiva (2)
2026-06-18 23:03:21.616 [main] INFO  c.f.i.FamilyBudgetIntegrationTest - Starting FamilyBudgetIntegrationTest using Java 17.0.19 with PID 16376 (started by ada in C:\Users\ada\awbd\family-budget-app)
2026-06-18 23:03:21.618 [main] INFO  c.f.i.FamilyBudgetIntegrationTest - The following 1 profile is active: "test"
2026-06-18 23:03:29.048 [main] INFO  c.f.i.FamilyBudgetIntegrationTest - Started FamilyBudgetIntegrationTest in 7.917 seconds (process running for 9.16)
2026-06-18 23:03:30.101 [main] INFO  c.f.service.impl.UserServiceImpl - Utilizator nou inregistrat: username=integtest, familie=Familia Test
2026-06-18 23:03:30.120 [main] INFO  c.f.service.impl.AccountServiceImpl - Cont creat: id=1, nume=Cont Test, owner=integtest
2026-06-18 23:03:30.329 [main] INFO  c.f.service.impl.UserServiceImpl - Utilizator nou inregistrat: username=integtest, familie=Familia Test
2026-06-18 23:03:30.332 [main] INFO  c.f.service.impl.AccountServiceImpl - Cont creat: id=2, nume=Cont Test, owner=integtest
2026-06-18 23:03:30.452 [main] INFO  c.f.service.impl.UserServiceImpl - Utilizator nou inregistrat: username=integtest, familie=Familia Test
2026-06-18 23:03:30.463 [main] INFO  c.f.service.impl.AccountServiceImpl - Cont creat: id=3, nume=Cont Test, owner=integtest
2026-06-18 23:03:31.192 [main] INFO  c.f.service.impl.BudgetServiceImpl - Buget sters: id=1
2026-06-18 23:03:31.207 [main] INFO  c.f.service.impl.BudgetServiceImpl - Buget creat: id=1, categorie=Mancare, limita=500.00
2026-06-18 23:03:31.362 [main] INFO  c.f.s.impl.TransactionServiceImpl - Tranzactie creata: id=10, suma=150.00, cont=1, categorie=Mancare
2026-06-18 23:03:31.379 [main] INFO  c.f.s.impl.TransactionServiceImpl - Tranzactie creata: id=11, suma=3000.00, cont=1, categorie=Salariu
2026-06-18 23:03:31.386 [main] INFO  c.f.s.impl.TransactionServiceImpl - Tranzactie stearsa: id=5
2026-06-18 23:03:31.397 [main] WARN  c.f.s.impl.TransactionServiceImpl - Utilizatorul testuser a incercat sa creeze o tranzactie pe contul altcuiva (2)
2026-06-18 23:04:54.605 [main] INFO  c.f.i.FamilyBudgetIntegrationTest - Starting FamilyBudgetIntegrationTest using Java 17.0.19 with PID 1576 (started by ada in C:\Users\ada\awbd\family-budget-app)
2026-06-18 23:04:54.606 [main] INFO  c.f.i.FamilyBudgetIntegrationTest - The following 1 profile is active: "test"
2026-06-18 23:05:03.543 [main] INFO  c.f.i.FamilyBudgetIntegrationTest - Started FamilyBudgetIntegrationTest in 9.406 seconds (process running for 10.645)
2026-06-18 23:05:04.757 [main] INFO  c.f.service.impl.UserServiceImpl - Utilizator nou inregistrat: username=integtest_1781813104586, familie=Familia Test
2026-06-18 23:05:04.781 [main] INFO  c.f.service.impl.AccountServiceImpl - Cont creat: id=1, nume=Cont Test, owner=integtest_1781813104586
2026-06-18 23:05:05.063 [main] INFO  c.f.service.impl.UserServiceImpl - Utilizator nou inregistrat: username=integtest_1781813104966, familie=Familia Test
2026-06-18 23:05:05.068 [main] INFO  c.f.service.impl.AccountServiceImpl - Cont creat: id=2, nume=Cont Test, owner=integtest_1781813104966
2026-06-18 23:05:05.216 [main] INFO  c.f.service.impl.UserServiceImpl - Utilizator nou inregistrat: username=integtest_1781813105128, familie=Familia Test
2026-06-18 23:05:05.220 [main] INFO  c.f.service.impl.AccountServiceImpl - Cont creat: id=3, nume=Cont Test, owner=integtest_1781813105128
2026-06-18 23:05:05.227 [main] INFO  c.f.s.impl.TransactionServiceImpl - Tranzactie creata: id=1, suma=350.00, cont=3, categorie=Mancare_1781813105125
2026-06-18 23:05:06.136 [main] INFO  c.f.service.impl.BudgetServiceImpl - Buget sters: id=1
2026-06-18 23:05:06.161 [main] INFO  c.f.service.impl.BudgetServiceImpl - Buget creat: id=1, categorie=Mancare, limita=500.00
2026-06-18 23:05:06.353 [main] INFO  c.f.s.impl.TransactionServiceImpl - Tranzactie creata: id=10, suma=150.00, cont=1, categorie=Mancare
2026-06-18 23:05:06.376 [main] INFO  c.f.s.impl.TransactionServiceImpl - Tranzactie creata: id=11, suma=3000.00, cont=1, categorie=Salariu
2026-06-18 23:05:06.387 [main] INFO  c.f.s.impl.TransactionServiceImpl - Tranzactie stearsa: id=5
2026-06-18 23:05:06.399 [main] WARN  c.f.s.impl.TransactionServiceImpl - Utilizatorul testuser a incercat sa creeze o tranzactie pe contul altcuiva (2)
2026-06-18 23:11:14.783 [main] INFO  c.f.i.FamilyBudgetIntegrationTest - Starting FamilyBudgetIntegrationTest using Java 17.0.19 with PID 11660 (started by ada in C:\Users\ada\awbd\family-budget-app)
2026-06-18 23:11:14.786 [main] INFO  c.f.i.FamilyBudgetIntegrationTest - The following 1 profile is active: "test"
2026-06-18 23:11:23.609 [main] INFO  c.f.i.FamilyBudgetIntegrationTest - Started FamilyBudgetIntegrationTest in 9.291 seconds (process running for 10.484)
2026-06-18 23:11:24.611 [main] INFO  c.f.service.impl.UserServiceImpl - Utilizator nou inregistrat: username=integtest_1781813484484, familie=Familia Test
2026-06-18 23:11:24.630 [main] INFO  c.f.service.impl.AccountServiceImpl - Cont creat: id=1, nume=Cont Test, owner=integtest_1781813484484
2026-06-18 23:11:24.832 [main] INFO  c.f.service.impl.UserServiceImpl - Utilizator nou inregistrat: username=integtest_1781813484756, familie=Familia Test
2026-06-18 23:11:24.837 [main] INFO  c.f.service.impl.AccountServiceImpl - Cont creat: id=2, nume=Cont Test, owner=integtest_1781813484756
2026-06-18 23:11:24.872 [main] INFO  c.f.service.impl.BudgetServiceImpl - Buget creat: id=1, categorie=Mancare_1781813484755, limita=500.00
2026-06-18 23:11:24.882 [main] INFO  c.f.s.impl.TransactionServiceImpl - Tranzactie creata: id=1, suma=200.00, cont=2, categorie=Mancare_1781813484755
2026-06-18 23:11:25.021 [main] INFO  c.f.service.impl.UserServiceImpl - Utilizator nou inregistrat: username=integtest_1781813484938, familie=Familia Test
2026-06-18 23:11:25.026 [main] INFO  c.f.service.impl.AccountServiceImpl - Cont creat: id=3, nume=Cont Test, owner=integtest_1781813484938
2026-06-18 23:11:25.031 [main] INFO  c.f.s.impl.TransactionServiceImpl - Tranzactie creata: id=2, suma=350.00, cont=3, categorie=Mancare_1781813484937
2026-06-18 23:11:25.636 [main] INFO  c.f.service.impl.BudgetServiceImpl - Buget sters: id=1
2026-06-18 23:11:25.652 [main] INFO  c.f.service.impl.BudgetServiceImpl - Buget creat: id=1, categorie=Mancare, limita=500.00
2026-06-18 23:11:25.818 [main] INFO  c.f.s.impl.TransactionServiceImpl - Tranzactie creata: id=10, suma=150.00, cont=1, categorie=Mancare
2026-06-18 23:11:25.835 [main] INFO  c.f.s.impl.TransactionServiceImpl - Tranzactie creata: id=11, suma=3000.00, cont=1, categorie=Salariu
2026-06-18 23:11:25.844 [main] INFO  c.f.s.impl.TransactionServiceImpl - Tranzactie stearsa: id=5
2026-06-18 23:11:25.854 [main] WARN  c.f.s.impl.TransactionServiceImpl - Utilizatorul testuser a incercat sa creeze o tranzactie pe contul altcuiva (2)
